<?xml version="1.0" encoding="UTF-8"?>
<!-- Generated by org.testng.reporters.JUnitReportReporter -->
<testsuite hostname="Bhavya" failures="0" tests="3" name="Practice.Tests.Test3" time="0.010" errors="0" timestamp="2025-05-08T00:24:58 IST" skipped="0">
  <testcase classname="Practice.Tests.Test3" name="test" time="0.009"/>
  <testcase classname="Practice.Tests.Test3" name="test1" time="0.001"/>
  <testcase classname="Practice.Tests.Test3" name="test2" time="0.000"/>
</testsuite> <!-- Practice.Tests.Test3 -->
