<?xml version="1.0" encoding="UTF-8"?>
<!-- Generated by org.testng.reporters.JUnitReportReporter -->
<testsuite hostname="Bhavya" failures="0" tests="1" name="Practice.Tests.Test2" time="0.011" errors="0" timestamp="2025-05-07T23:09:27 IST" skipped="0">
  <testcase classname="Practice.Tests.Test2" name="test" time="0.011"/>
</testsuite> <!-- Practice.Tests.Test2 -->
