<?xml version="1.0" encoding="UTF-8"?>
<!-- Generated by org.testng.reporters.JUnitReportReporter -->
<testsuite hostname="Bhavya" failures="0" tests="1" name="Practice.Tests.SubmitOrderSingle" time="12.802" errors="0" timestamp="2025-02-25T16:07:53 IST" skipped="0">
  <testcase classname="Practice.Tests.SubmitOrderSingle" name="submitOrder" time="12.802"/>
</testsuite> <!-- Practice.Tests.SubmitOrderSingle -->
