<?xml version="1.0" encoding="UTF-8"?>
<!-- Generated by org.testng.reporters.JUnitReportReporter -->
<testsuite hostname="Bhavya" failures="0" tests="2" name="Practice.Tests.ErrorValidationsTest" time="22.359" errors="0" timestamp="2025-02-28T23:47:14 IST" skipped="0">
  <testcase classname="Practice.Tests.ErrorValidationsTest" name="loginErrorMessage" time="9.289"/>
  <testcase classname="Practice.Tests.ErrorValidationsTest" name="productErrorMessage" time="13.070"/>
</testsuite> <!-- Practice.Tests.ErrorValidationsTest -->
