<?xml version="1.0" encoding="UTF-8"?>
<!-- Generated by org.testng.reporters.JUnitReportReporter -->
<testsuite hostname="Bhavya" failures="0" tests="2" name="Practice.Tests.ErrorValidations" time="18.417" errors="0" timestamp="2025-02-25T16:12:49 IST" skipped="0">
  <testcase classname="Practice.Tests.ErrorValidations" name="loginErrorMessage" time="11.353"/>
  <testcase classname="Practice.Tests.ErrorValidations" name="productErrorMessage" time="7.064"/>
</testsuite> <!-- Practice.Tests.ErrorValidations -->
